<?xml version="1.0" encoding="UTF-8"?>
<!-- Generated by org.testng.reporters.JUnitReportReporter -->
<testsuite hostname="DESKTOP-8F6T45G" failures="0" tests="1" name="MavenPackage.validateNavigationBar" time="0.066" errors="0" timestamp="15 Jan 2021 19:21:24 GMT">
  <testcase classname="MavenPackage.validateNavigationBar" name="validateAppNavBar" time="0.066"/>
</testsuite> <!-- MavenPackage.validateNavigationBar -->
