<?xml version="1.0" encoding="UTF-8"?>
<!-- Generated by org.testng.reporters.JUnitReportReporter -->
<testsuite hostname="DESKTOP-8F6T45G" failures="0" tests="2" name="MavenPackage.HomePage" time="10.805" errors="0" timestamp="15 Jan 2021 19:22:12 GMT">
  <testcase classname="MavenPackage.HomePage" name="basePageNavigation" time="8.117"/>
  <testcase classname="MavenPackage.HomePage" name="basePageNavigation" time="2.688"/>
</testsuite> <!-- MavenPackage.HomePage -->
