<?xml version="1.0" encoding="UTF-8"?>
<!-- Generated by org.testng.reporters.JUnitReportReporter -->
<testsuite hostname="DESKTOP-8F6T45G" failures="0" tests="2" name="MavenPackage.Netflix_LoginValidation" time="12.645" errors="0" timestamp="15 Jan 2021 21:09:02 GMT">
  <testcase classname="MavenPackage.Netflix_LoginValidation" name="basePageNavigation" time="4.115"/>
  <testcase classname="MavenPackage.Netflix_LoginValidation" name="basePageNavigation" time="8.530"/>
</testsuite> <!-- MavenPackage.Netflix_LoginValidation -->
