<?xml version="1.0" encoding="UTF-8"?>
<!-- Generated by org.testng.reporters.JUnitReportReporter -->
<testsuite hostname="DESKTOP-8F6T45G" failures="0" tests="1" name="MavenPackage.Salesforce_LoginValidation" time="7.335" errors="0" timestamp="15 Jan 2021 21:09:02 GMT">
  <testcase classname="MavenPackage.Salesforce_LoginValidation" name="basePageNavigation" time="7.335"/>
</testsuite> <!-- MavenPackage.Salesforce_LoginValidation -->
