<?xml version="1.0" encoding="UTF-8"?>
<!-- Generated by org.testng.reporters.JUnitReportReporter -->
<testsuite hostname="DESKTOP-8F6T45G" failures="0" tests="1" name="MavenPackage.validateTitle" time="0.010" errors="0" timestamp="15 Jan 2021 21:09:02 GMT">
  <testcase classname="MavenPackage.validateTitle" name="validateAppTitle" time="0.010"/>
</testsuite> <!-- MavenPackage.validateTitle -->
