<?xml version="1.0" encoding="UTF-8"?>
<!-- Generated by org.testng.reporters.JUnitReportReporter -->
<testsuite hostname="DESKTOP-8F6T45G" failures="0" tests="1" name="MavenPackage.validateTitle" time="0.120" errors="0" timestamp="10 Jan 2021 04:44:18 GMT">
  <testcase classname="MavenPackage.validateTitle" name="validateAppTitle" time="0.120"/>
</testsuite> <!-- MavenPackage.validateTitle -->
