<?xml version="1.0" encoding="UTF-8"?>
<!-- Generated by org.testng.reporters.JUnitReportReporter -->
<testsuite hostname="DESKTOP-8F6T45G" failures="0" tests="1" name="MavenPackage.validateNavigationBar" time="0.106" errors="0" timestamp="10 Jan 2021 04:44:18 GMT">
  <testcase classname="MavenPackage.validateNavigationBar" name="validateAppNavBar" time="0.106"/>
</testsuite> <!-- MavenPackage.validateNavigationBar -->
