<?xml version="1.0" encoding="UTF-8"?>
<!-- Generated by org.testng.reporters.JUnitReportReporter -->
<testsuite hostname="DESKTOP-8F6T45G" failures="0" tests="2" name="MavenPackage.HomePage" time="18.093" errors="0" timestamp="10 Jan 2021 04:44:18 GMT">
  <testcase classname="MavenPackage.HomePage" name="basePageNavigation" time="14.056"/>
  <testcase classname="MavenPackage.HomePage" name="basePageNavigation" time="4.037"/>
</testsuite> <!-- MavenPackage.HomePage -->
